Running on host compute203.bc4.acrc.priv
Time is Tue Mar 20 11:49:28 GMT 2018
Directory is /mnt/storage/home/sm15504/year3CW/flat_mpi_better/hpc_two
Slurm job ID is 943970
This job runs on the following machines:
compute203
icc
NUMBER OF NODES : 1
CPUS per node : 5
My Rank : 0, my Size : 5
My Rank : 1, my Size : 5
My Rank : 2, my Size : 5
My Rank : 3, my Size : 5
My Rank : 4, my Size : 5
I'm not a master 
I'm not a master 
Rank 1 : startInd = 0, endInd : 25, haloTop : 26, haloBottom: -1, topRank :2, botrank :0 
I'm not a master 
I'm not a master 
Rank 4 : startInd = 0, endInd : 0, haloTop : 0, haloBottom: 0, topRank :0, botrank :0 
Rank 3 : startInd = 50, endInd : 75, haloTop : 76, haloBottom: 49, topRank :4, botrank :2 
Rank 2 : startInd = 25, endInd : 50, haloTop : 51, haloBottom: 24, topRank :3, botrank :1 
Master in talking to others size : 5
####Right before recieving 
Fatal error in MPI_Recv: Message truncated, error stack:
MPI_Recv(224).....................: MPI_Recv(buf=0x7ffe4d299b78, count=1, MPI_SHORT, src=1, tag=0, MPI_COMM_WORLD, status=0x1) failed
MPIDI_CH3U_Receive_data_found(131): Message from rank 1 and tag 0 truncated; 4608 bytes received but buffer size is 2
