Running on host compute125.bc4.acrc.priv
Time is Mon Mar 19 12:47:38 UTC 2018
Directory is /mnt/storage/home/sm15504/year3CW/flat_mpi_better/hpc_two
Slurm job ID is 897891
This job runs on the following machines:
compute125
icc
NUMBER OF NODES : 1
CPUS per node : 5
My Rank : 0, my Size : 5
My Rank : 1, my Size : 5
My Rank : 3, my Size : 5
My Rank : 2, my Size : 5
My Rank : 4, my Size : 5
I'm not a master 
rank : 1, myStartInd : 0, myEndInd :25, haloBottom :127, haloTop :26 
I'm not a master 
rank : 2, myStartInd : 25, myEndInd :50, haloBottom :24, haloTop :51 
I'm not a master 
rank : 3, myStartInd : 50, myEndInd :75, haloBottom :49, haloTop :76 
I'm not a master 
rank : 4, myStartInd : 75, myEndInd :127, haloBottom :74, haloTop :0 
Please from worker 1
Please from worker 1
Master is waiting to talk to people 
Master in talking to others size : 5
Master in recieiving for loop! 
####Right before recieving 
Worker 1 sent and receieved! 
Please from worker 3
Please from worker 3
Please from worker 4
Please from worker 4
Worker 3 sent and receieved! 
Worker 4 sent and receieved! 
Please from worker 2
Please from worker 2
Worker 2 sent and receieved! 
slurmstepd: error: *** STEP 897891.0 ON compute125 CANCELLED AT 2018-03-19T13:02:49 DUE TO TIME LIMIT ***
slurmstepd: error: *** JOB 897891 ON compute125 CANCELLED AT 2018-03-19T13:02:49 DUE TO TIME LIMIT ***
srun: Job step aborted: Waiting up to 32 seconds for job step to finish.
srun: got SIGCONT
srun: forcing job termination
