Running on host compute203.bc4.acrc.priv
Time is Tue Mar 20 11:36:49 GMT 2018
Directory is /mnt/storage/home/sm15504/year3CW/flat_mpi_better/hpc_two
Slurm job ID is 943471
This job runs on the following machines:
compute203
icc
NUMBER OF NODES : 1
CPUS per node : 5
My Rank : 0, my Size : 5
My Rank : 1, my Size : 5
My Rank : 2, my Size : 5
My Rank : 3, my Size : 5
My Rank : 4, my Size : 5
I'm not a master 
rank : 1, myStartInd : 0, myEndInd :25, haloBottom :127, haloTop :26 
I'm not a master 
rank : 2, myStartInd : 25, myEndInd :50, haloBottom :24, haloTop :51 
I'm not a master 
rank : 3, myStartInd : 50, myEndInd :75, haloBottom :49, haloTop :76 
I'm not a master 
rank : 4, myStartInd : 75, myEndInd :127, haloBottom :74, haloTop :0 
Master in talking to others size : 5
####Right before recieving 
slurmstepd: error: *** STEP 943471.0 ON compute203 CANCELLED AT 2018-03-20T11:52:01 DUE TO TIME LIMIT ***
slurmstepd: error: *** JOB 943471 ON compute203 CANCELLED AT 2018-03-20T11:52:01 DUE TO TIME LIMIT ***
srun: got SIGCONT
srun: forcing job termination
srun: Job step aborted: Waiting up to 32 seconds for job step to finish.
