Running on host compute485.bc4.acrc.priv
Time is Thu Feb 22 18:58:53 GMT 2018
Directory is /mnt/storage/home/sm15504/year3CW/flat_mpi_better/hpc_two
Slurm job ID is 760539
This job runs on the following machines:
compute[485-489]
icc
Big Y : 128 
ny for worker 3 is : 74 
Big Y : 128 
Big Y : 128 
ny for worker 4 is : 127 
Big Y : 128 
ny for worker 2 is : 49 
ny for worker 1 is : 24 
Obstacle y coord out of range! 0 for worker 0 with (1231384169,1818588270) 
Error at line 653 of file d2q9-bgk.c:
obstacle y-coord out of range

===================================================================================
=   BAD TERMINATION OF ONE OF YOUR APPLICATION PROCESSES
=   PID 8578 RUNNING AT compute485
=   EXIT CODE: 11
=   CLEANING UP REMAINING PROCESSES
=   YOU CAN IGNORE THE BELOW CLEANUP MESSAGES
===================================================================================

===================================================================================
=   BAD TERMINATION OF ONE OF YOUR APPLICATION PROCESSES
=   PID 8578 RUNNING AT compute485
=   EXIT CODE: 11
=   CLEANING UP REMAINING PROCESSES
=   YOU CAN IGNORE THE BELOW CLEANUP MESSAGES
===================================================================================
   Intel(R) MPI Library troubleshooting guide:
      https://software.intel.com/node/561764
===================================================================================
