Running on host compute068.bc4.acrc.priv
Time is Fri May 11 21:57:47 BST 2018
Directory is /mnt/storage/home/sm15504/year3CW/flat_mpi_better/hpc_two/mpi
Slurm job ID is 1171728
This job runs on the following machines:
compute068
icc
NUMBER OF NODES : 1
CPUS per node : 14
--------- Size : 128x128 --------------
--------Number of workers being run : 14--------
Elapsed user CPU time:		2.260836 (s)
Elapsed system CPU time:	0.010994 (s)
==done==
Reynolds number:		9.757672309875E+00
Elapsed time:			2.256415 (s)
done!
--------- Size : 128x256 --------------
--------Number of workers being run : 14--------
Elapsed user CPU time:		4.759063 (s)
Elapsed system CPU time:	0.022004 (s)
==done==
Reynolds number:		3.717264556885E+01
Elapsed time:			4.772170 (s)
done!
--------- Size : 256x256 --------------
--------Number of workers being run : 14--------
Elapsed user CPU time:		18.364943 (s)
Elapsed system CPU time:	0.056024 (s)
==done==
Reynolds number:		1.006754398346E+01
Elapsed time:			18.418748 (s)
done!
--------- Size : 1024x1024 --------------
--------Number of workers being run : 14--------
Elapsed user CPU time:		82.452287 (s)
Elapsed system CPU time:	0.261994 (s)
==done==
Reynolds number:		3.377146005630E+00
Elapsed time:			82.762164 (s)
done!
