Running on host compute457.bc4.acrc.priv
Time is Fri May 11 21:25:52 BST 2018
Directory is /mnt/storage/home/sm15504/year3CW/flat_mpi_better/hpc_two/mpi
Slurm job ID is 1171729
This job runs on the following machines:
compute457
icc
NUMBER OF NODES : 1
CPUS per node : 28
--------- Size : 128x128 --------------
--------Number of workers being run : 28--------
Elapsed user CPU time:		4.103183 (s)
Elapsed system CPU time:	0.085941 (s)
==done==
Reynolds number:		9.757672309875E+00
Elapsed time:			4.164811 (s)
done!
--------- Size : 128x256 --------------
--------Number of workers being run : 28--------
Elapsed user CPU time:		2.933972 (s)
Elapsed system CPU time:	0.024999 (s)
==done==
Reynolds number:		3.717264556885E+01
Elapsed time:			2.943997 (s)
done!
--------- Size : 256x256 --------------
--------Number of workers being run : 28--------
Elapsed user CPU time:		10.455521 (s)
Elapsed system CPU time:	0.071996 (s)
==done==
Reynolds number:		1.006754398346E+01
Elapsed time:			10.512158 (s)
done!
--------- Size : 1024x1024 --------------
--------Number of workers being run : 28--------
Elapsed user CPU time:		49.911879 (s)
Elapsed system CPU time:	0.377021 (s)
==done==
Reynolds number:		3.377146005630E+00
Elapsed time:			50.269587 (s)
done!
