Running on host compute071.bc4.acrc.priv
Time is Sat May 12 14:26:58 BST 2018
Directory is /mnt/storage/home/sm15504/year3CW/flat_mpi_better/hpc_two/mpi
Slurm job ID is 1172271
This job runs on the following machines:
compute071
icc
NUMBER OF NODES : 1
CPUS per node : 12
--------- Size : 128x128 --------------
--------Number of workers being run : 12--------
Elapsed user CPU time:		3.668428 (s)
Elapsed system CPU time:	0.044968 (s)
==done==
Reynolds number:		9.757672309875E+00
Elapsed time:			3.695237 (s)
done!
--------- Size : 128x256 --------------
--------Number of workers being run : 12--------
Elapsed user CPU time:		5.380986 (s)
Elapsed system CPU time:	0.026999 (s)
==done==
Reynolds number:		3.717264556885E+01
Elapsed time:			5.398328 (s)
done!
--------- Size : 256x256 --------------
--------Number of workers being run : 12--------
Elapsed user CPU time:		20.820762 (s)
Elapsed system CPU time:	0.058985 (s)
==done==
Reynolds number:		1.006754398346E+01
Elapsed time:			20.876894 (s)
done!
--------- Size : 1024x1024 --------------
--------Number of workers being run : 12--------
Elapsed user CPU time:		85.388098 (s)
Elapsed system CPU time:	0.044001 (s)
==done==
Reynolds number:		3.377146005630E+00
Elapsed time:			85.448932 (s)
done!
