Running on host compute270.bc4.acrc.priv
Time is Fri May 11 21:26:17 BST 2018
Directory is /mnt/storage/home/sm15504/year3CW/flat_mpi_better/hpc_two/mpi
Slurm job ID is 1171730
This job runs on the following machines:
compute[270,273]
icc
NUMBER OF NODES : 2
CPUS per node : 21(x2)
--------- Size : 128x128 --------------
--------Number of workers being run : 42--------
Elapsed user CPU time:		7.607634 (s)
Elapsed system CPU time:	0.242878 (s)
==done==
Reynolds number:		9.757672309875E+00
Elapsed time:			12.108046 (s)
done!
--------- Size : 128x256 --------------
--------Number of workers being run : 42--------
Elapsed user CPU time:		8.650467 (s)
Elapsed system CPU time:	0.224661 (s)
==done==
Reynolds number:		3.717264556885E+01
Elapsed time:			13.960485 (s)
done!
--------- Size : 256x256 --------------
--------Number of workers being run : 42--------
Elapsed user CPU time:		37.608838 (s)
Elapsed system CPU time:	1.187935 (s)
==done==
Reynolds number:		1.006754398346E+01
Elapsed time:			59.005790 (s)
done!
--------- Size : 1024x1024 --------------
--------Number of workers being run : 42--------
Elapsed user CPU time:		72.077245 (s)
Elapsed system CPU time:	1.241066 (s)
==done==
Reynolds number:		3.377146005630E+00
Elapsed time:			109.242076 (s)
done!
