Running on host compute068.bc4.acrc.priv
Time is Sat May 12 11:35:21 BST 2018
Directory is /mnt/storage/home/sm15504/year3CW/flat_mpi_better/hpc_two/mpi
Slurm job ID is 1172242
This job runs on the following machines:
compute068
icc
NUMBER OF NODES : 1
CPUS per node : 2
--------- Size : 128x128 --------------
--------Number of workers being run : 2--------
Elapsed user CPU time:		13.839076 (s)
Elapsed system CPU time:	0.022000 (s)
==done==
Reynolds number:		9.757672309875E+00
Elapsed time:			13.848330 (s)
done!
--------- Size : 128x256 --------------
--------Number of workers being run : 2--------
Elapsed user CPU time:		27.784783 (s)
Elapsed system CPU time:	0.009000 (s)
==done==
Reynolds number:		3.717264556885E+01
Elapsed time:			27.783792 (s)
done!
--------- Size : 256x256 --------------
--------Number of workers being run : 2--------
Elapsed user CPU time:		111.346877 (s)
Elapsed system CPU time:	0.014001 (s)
==done==
Reynolds number:		1.006754398346E+01
Elapsed time:			111.357293 (s)
done!
--------- Size : 1024x1024 --------------
--------Number of workers being run : 2--------
Elapsed user CPU time:		493.683224 (s)
Elapsed system CPU time:	0.393032 (s)
==done==
Reynolds number:		3.377146005630E+00
Elapsed time:			494.212999 (s)
done!
